<?xml version="1.0" encoding="UTF-8"?>
<testng-results ignored="0" total="2" passed="2" failed="0" skipped="0">
  <reporter-output>
  </reporter-output>
  <suite started-at="2022-12-08T22:34:30 IST" name="Default suite" finished-at="2022-12-08T22:35:39 IST" duration-ms="69321">
    <groups>
    </groups>
    <test started-at="2022-12-08T22:34:30 IST" name="Default test" finished-at="2022-12-08T22:35:39 IST" duration-ms="69321">
      <class name="packandgo.PackGo">
        <test-method signature="openbrow()[pri:0, instance:packandgo.PackGo@3b69e7d1]" started-at="2022-12-08T22:34:30 IST" name="openbrow" finished-at="2022-12-08T22:34:34 IST" duration-ms="3884" status="PASS">
          <reporter-output>
          </reporter-output>
        </test-method> <!-- openbrow -->
        <test-method signature="signin()[pri:0, instance:packandgo.PackGo@3b69e7d1]" started-at="2022-12-08T22:34:34 IST" name="signin" finished-at="2022-12-08T22:35:39 IST" duration-ms="65347" status="PASS">
          <reporter-output>
          </reporter-output>
        </test-method> <!-- signin -->
      </class> <!-- packandgo.PackGo -->
    </test> <!-- Default test -->
  </suite> <!-- Default suite -->
</testng-results>
